<?xml version="1.0" encoding="UTF-8"?>
<!-- Generated by org.testng.reporters.JUnitReportReporter -->
<testsuite hostname="DESKTOP-Q2STKSE" failures="0" tests="1" name="test.GoogleCloudCalculatorTest" time="31.725" errors="0" timestamp="2022-03-24T17:10:22 MSK" skipped="0">
  <testcase classname="test.GoogleCloudCalculatorTest" name="compareCosts" time="31.725"/>
  <system-out/>
</testsuite> <!-- test.GoogleCloudCalculatorTest -->
