<?xml version="1.0" encoding="UTF-8"?>
<!-- Generated by org.testng.reporters.JUnitReportReporter -->
<testsuite hostname="DESKTOP-Q2STKSE" failures="0" tests="1" name="test.GoogleCloudCalculatorTest" time="33.652" errors="0" timestamp="2022-03-25T00:35:41 MSK" skipped="0">
  <testcase classname="test.GoogleCloudCalculatorTest" name="compareCosts" time="33.652"/>
  <system-out/>
</testsuite> <!-- test.GoogleCloudCalculatorTest -->
