<?xml version="1.0" encoding="UTF-8"?>
<!-- Generated by org.testng.reporters.JUnitReportReporter -->
<testsuite hostname="DESKTOP-Q2STKSE" failures="0" tests="1" name="test.GoogleCloudCalculatorTest" time="29.622" errors="0" timestamp="2022-03-21T02:50:21 MSK" skipped="0">
  <testcase classname="test.GoogleCloudCalculatorTest" name="compareCosts" time="29.622"/>
  <system-out/>
</testsuite> <!-- test.GoogleCloudCalculatorTest -->
